{"level":"info","message":"⌛ Building environment","timeElapsed":293,"timestamp":"2024-10-17T22:16:24.486Z"}
{"level":"info","message":"onRequest - WORKSPACE_URI:file:///c%3A/Users/BANGHO/Desktop/guerra-wollolica","timestamp":"2024-10-17T22:16:24.504Z"}
{"level":"info","message":"⌛ Building environment","timeElapsed":119,"timestamp":"2024-10-17T22:16:24.626Z"}
{"level":"info","message":"⌛ Building environment","timeElapsed":127,"timestamp":"2024-10-17T22:16:24.756Z"}
{"level":"info","message":"⌛ Building environment","timeElapsed":132,"timestamp":"2024-10-17T22:16:24.889Z"}
{"level":"info","message":"⌛ Validating alianza.wlk","timeElapsed":281,"timestamp":"2024-10-17T22:16:25.172Z"}
{"level":"info","message":"⌛ Building environment","timeElapsed":246,"timestamp":"2024-10-17T22:16:25.420Z"}
{"level":"info","message":"⌛ Validating testAlianza.wtest","timeElapsed":215,"timestamp":"2024-10-17T22:16:25.649Z"}
{"level":"info","message":"⌛ Validating guerreros.wlk","timeElapsed":145,"timestamp":"2024-10-17T22:16:25.795Z"}
{"level":"info","message":"⌛ Validating alianza.wlk","timeElapsed":133,"timestamp":"2024-10-17T22:16:26.124Z"}
{"level":"info","message":"⌛ Validating alianza.wlk","timeElapsed":138,"timestamp":"2024-10-17T22:16:26.442Z"}
{"level":"info","message":"⌛ Validating alianza.wlk","timeElapsed":126,"timestamp":"2024-10-17T22:16:26.568Z"}
{"level":"info","message":"⌛ Building environment","timeElapsed":121,"timestamp":"2024-10-17T22:16:27.845Z"}
{"level":"info","message":"⌛ Building environment","timeElapsed":103,"timestamp":"2024-10-17T22:16:27.948Z"}
{"level":"info","message":"⌛ Validating alianza.wlk","timeElapsed":170,"timestamp":"2024-10-17T22:16:28.127Z"}
{"level":"info","message":"⌛ Validating alianza.wlk","timeElapsed":140,"timestamp":"2024-10-17T22:16:28.269Z"}
{"level":"info","message":"⌛ Building environment","timeElapsed":120,"timestamp":"2024-10-17T22:16:28.390Z"}
{"level":"info","message":"⌛ Validating alianza.wlk","timeElapsed":109,"timestamp":"2024-10-17T22:16:28.600Z"}
{"level":"info","message":"⌛ Validating alianza.wlk","timeElapsed":127,"timestamp":"2024-10-17T22:16:28.728Z"}
{"level":"info","message":"⌛ Building environment","timeElapsed":107,"timestamp":"2024-10-17T22:16:29.591Z"}
{"level":"info","message":"⌛ Validating alianza.wlk","timeElapsed":125,"timestamp":"2024-10-17T22:16:29.718Z"}
{"level":"info","message":"⌛ Validating alianza.wlk","timeElapsed":105,"timestamp":"2024-10-17T22:16:30.012Z"}
{"level":"info","message":"⌛ Validating alianza.wlk","timeElapsed":109,"timestamp":"2024-10-17T22:16:30.122Z"}
{"level":"info","message":"⌛ Building environment","timeElapsed":112,"timestamp":"2024-10-17T22:16:31.458Z"}
{"level":"info","message":"⌛ Validating alianza.wlk","timeElapsed":120,"timestamp":"2024-10-17T22:16:31.579Z"}
{"level":"info","message":"⌛ Validating alianza.wlk","timeElapsed":129,"timestamp":"2024-10-17T22:16:31.806Z"}
{"level":"info","message":"⌛ Validating alianza.wlk","timeElapsed":172,"timestamp":"2024-10-17T22:16:32.071Z"}
{"level":"info","message":"⌛ Building environment","timeElapsed":101,"timestamp":"2024-10-17T22:16:32.180Z"}
{"level":"info","message":"⌛ Validating alianza.wlk","timeElapsed":143,"timestamp":"2024-10-17T22:16:32.325Z"}
{"level":"info","message":"⌛ Validating alianza.wlk","timeElapsed":128,"timestamp":"2024-10-17T22:16:32.539Z"}
{"level":"info","message":"⌛ Building environment","timeElapsed":112,"timestamp":"2024-10-17T22:16:32.673Z"}
{"level":"info","message":"⌛ Validating alianza.wlk","timeElapsed":120,"timestamp":"2024-10-17T22:16:32.795Z"}
{"level":"info","message":"⌛ Building environment","timeElapsed":103,"timestamp":"2024-10-17T22:16:32.899Z"}
{"level":"info","message":"⌛ Validating alianza.wlk","timeElapsed":122,"timestamp":"2024-10-17T22:16:33.025Z"}
{"level":"info","message":"⌛ Building environment","timeElapsed":124,"timestamp":"2024-10-17T22:16:33.241Z"}
{"level":"info","message":"⌛ Validating alianza.wlk","timeElapsed":143,"timestamp":"2024-10-17T22:16:33.385Z"}
